This is XeTeX, Version 3.14159265-2.6-0.999991 (TeX Live 2019/Debian) (preloaded format=xelatex 2019.11.29)  22 APR 2020 01:54
entering extended mode
 \write18 enabled.
 %&-line parsing enabled.
**main.tex
(./main.tex
LaTeX2e <2018-12-01>
(./IEEEtran.cls
Document Class: IEEEtran 2012/12/27 V1.8 by Michael Shell
-- See the "IEEEtran_HOWTO" manual for usage information.
-- http://www.michaelshell.org/tex/ieeetran/
\@IEEEtrantmpdimenA=\dimen102
\@IEEEtrantmpdimenB=\dimen103
\@IEEEtrantmpcountA=\count80
\@IEEEtrantmpcountB=\count81
\@IEEEtrantmptoksA=\toks14
-- Using IEEE Computer Society mode.
LaTeX Font Info:    Try loading font information for TU+ppl on input line 368.
LaTeX Font Info:    No file TUppl.fd. on input line 368.

LaTeX Font Warning: Font shape `TU/ppl/m/n' undefined
(Font)              using `TU/lmr/m/n' instead on input line 368.

-- Using 8.5in x 11in (letter) paper.
-- Using DVI output.
\@IEEEnormalsizeunitybaselineskip=\dimen104
-- This is a 12 point document.
\CLASSINFOnormalsizebaselineskip=\dimen105
\CLASSINFOnormalsizeunitybaselineskip=\dimen106
\IEEEnormaljot=\dimen107

LaTeX Font Warning: Font shape `TU/ppl/bx/n' undefined
(Font)              using `TU/ppl/m/n' instead on input line 726.


LaTeX Font Warning: Font shape `TU/ppl/m/it' undefined
(Font)              using `TU/ppl/m/n' instead on input line 726.


LaTeX Font Warning: Font shape `TU/ppl/bx/it' undefined
(Font)              using `TU/ppl/bx/n' instead on input line 726.

\IEEEilabelindentA=\dimen108
\IEEEilabelindentB=\dimen109
\IEEEilabelindent=\dimen110
\IEEEelabelindent=\dimen111
\IEEEdlabelindent=\dimen112
\IEEElabelindent=\dimen113
\IEEEiednormlabelsep=\dimen114
\IEEEiedmathlabelsep=\dimen115
\IEEEiedtopsep=\skip41
\c@section=\count82
\c@subsection=\count83
\c@subsubsection=\count84
\c@paragraph=\count85
\c@IEEEsubequation=\count86
\abovecaptionskip=\skip42
\belowcaptionskip=\skip43
\c@figure=\count87
\c@table=\count88
\@IEEEeqnnumcols=\count89
\@IEEEeqncolcnt=\count90
\@IEEEsubeqnnumrollback=\count91
\@IEEEtmpitemindent=\dimen116
\c@IEEEbiography=\count92
\@IEEEtranrubishbin=\box27
) (./main.aux)
\openout1 = `main.aux'.

LaTeX Font Info:    Checking defaults for OML/cmm/m/it on input line 543.
LaTeX Font Info:    ... okay on input line 543.
LaTeX Font Info:    Checking defaults for T1/cmr/m/n on input line 543.
LaTeX Font Info:    ... okay on input line 543.
LaTeX Font Info:    Checking defaults for OT1/cmr/m/n on input line 543.
LaTeX Font Info:    ... okay on input line 543.
LaTeX Font Info:    Checking defaults for OMS/cmsy/m/n on input line 543.
LaTeX Font Info:    ... okay on input line 543.
LaTeX Font Info:    Checking defaults for TU/lmr/m/n on input line 543.
LaTeX Font Info:    ... okay on input line 543.
LaTeX Font Info:    Checking defaults for OMX/cmex/m/n on input line 543.
LaTeX Font Info:    ... okay on input line 543.
LaTeX Font Info:    Checking defaults for U/cmr/m/n on input line 543.
LaTeX Font Info:    ... okay on input line 543.
LaTeX Font Info:    Try loading font information for TU+phv on input line 654.
LaTeX Font Info:    No file TUphv.fd. on input line 654.


LaTeX Font Warning: Font shape `TU/phv/m/n' undefined
(Font)              using `TU/lmr/m/n' instead on input line 654.


LaTeX Font Warning: Font shape `TU/phv/bx/n' undefined
(Font)              using `TU/phv/m/n' instead on input line 654.

LaTeX Font Info:    External font `cmex10' loaded for size
(Font)              <9> on input line 654.
LaTeX Font Info:    External font `cmex10' loaded for size
(Font)              <6> on input line 654.
LaTeX Font Info:    External font `cmex10' loaded for size
(Font)              <5> on input line 654.
LaTeX Font Info:    Calculating math sizes for size <14> on input line 654.
LaTeX Font Info:    External font `cmex10' loaded for size
(Font)              <14> on input line 654.
LaTeX Font Info:    External font `cmex10' loaded for size
(Font)              <9.79996> on input line 654.
LaTeX Font Info:    External font `cmex10' loaded for size
(Font)              <7> on input line 654.
LaTeX Font Info:    Try loading font information for U+pzd on input line 654.
(/usr/share/texlive/texmf-dist/tex/latex/psnfss/upzd.fd
File: upzd.fd 2001/06/04 font definitions for U/pzd.
)

LaTeX Font Warning: Font shape `TU/phv/bx/sc' undefined
(Font)              using `TU/phv/bx/n' instead on input line 681.


LaTeX Font Warning: Font shape `TU/ppl/m/sc' undefined
(Font)              using `TU/ppl/m/n' instead on input line 718.


LaTeX Warning: Citation `ahmadi2020comparative' on page 1 undefined on input li
ne 723.


LaTeX Font Warning: Font shape `TU/phv/m/it' undefined
(Font)              using `TU/phv/m/n' instead on input line 748.


Underfull \hbox (badness 10000) in paragraph at lines 750--751
[]\TU/phv/bx/n/12 The existing forecasting meth-
 []


Underfull \hbox (badness 10000) in paragraph at lines 750--751
\TU/phv/bx/n/12 ods make useof both linear
 []


Underfull \hbox (badness 10000) in paragraph at lines 750--751
\TU/phv/bx/n/12 (AR,MA,ARIMA) and non-linear
 []


Underfull \hbox (badness 10000) in paragraph at lines 750--751
\TU/phv/bx/n/12 algorithms(ARCH,GARCH,Neural
 []


Underfull \hbox (badness 3209) in paragraph at lines 750--751
\TU/phv/bx/n/12 we are identifying the latentdynamics
 []


Underfull \hbox (badness 7540) in paragraph at lines 750--751
\TU/phv/bx/n/12 applying a sliding window approach
 []


Underfull \vbox (badness 10000) has occurred while \output is active []

LaTeX Font Info:    External font `cmex10' loaded for size
(Font)              <8> on input line 753.
 [1


]
[2] [3] [4] [5] [6] [7] (./main.bbl [8]) [9] (./main.aux)

LaTeX Font Warning: Some font shapes were not available, defaults substituted.


LaTeX Warning: There were undefined references.

 ) 
Here is how much of TeX's memory you used:
 963 strings out of 492909
 16964 string characters out of 6135046
 94075 words of memory out of 5000000
 5067 multiletter control sequences out of 15000+600000
 7736 words of font info for 38 fonts, out of 8000000 for 9000
 1351 hyphenation exceptions out of 8191
 27i,8n,28p,1880b,315s stack positions out of 5000i,500n,10000p,200000b,80000s

Output written on main.pdf (9 pages).
